<?xml version="1.0" encoding="UTF-8"?>
<testsuite name="tests.GithubTests" tests="1" skipped="0" failures="0" errors="0" timestamp="2024-09-18T07:48:02" hostname="DESKTOP-11JKOJK" time="8.954">
  <properties/>
  <testcase name="openGithubEnterprisePageTest()" classname="tests.GithubTests" time="8.954"/>
  <system-out><![CDATA[]]></system-out>
  <system-err><![CDATA[[Test worker] INFO com.codeborne.selenide.impl.WebDriverThreadLocalContainer - No webdriver is bound to current thread: 1 - let's create a new webdriver
[Test worker] INFO com.codeborne.selenide.impl.FileHelper - Creating folder: C:\QAGURU\qaguru-homework-5\build\downloads\1726645682492_17176_1
[Test worker] INFO com.codeborne.selenide.webdriver.WebDriverFactory - BrowserName=chrome Version=128.0.6613.138 Platform=windows
[Test worker] INFO com.codeborne.selenide.webdriver.WebDriverFactory - Selenide v. 7.4.3
[Test worker] INFO com.codeborne.selenide.webdriver.WebDriverFactory - Selenium WebDriver v. 4.24.0 build revision: 748ffc9bc3
[Test worker] INFO com.codeborne.selenide.drivercommands.CreateDriverCommand - Created webdriver in thread 1: ChromeDriver -> ChromeDriver: chrome on windows (db4a42055ed98027216db375663ca5a8), downloadsFolder: C:\QAGURU\qaguru-homework-5\build\downloads\1726645682492_17176_1
[Test worker] INFO com.codeborne.selenide.drivercommands.DisposablesRegistry - Register WebDriverInstance[config=StaticConfig, webDriver=ChromeDriver: chrome on windows (db4a42055ed98027216db375663ca5a8), proxy=null, downloadsFolder=C:\QAGURU\qaguru-homework-5\build\downloads\1726645682492_17176_1] in 1 [size=1]
[Test worker] INFO com.codeborne.selenide.drivercommands.DisposablesRegistry - Add shutdown hook in 1 [size=1]
]]></system-err>
</testsuite>
